<?xml version="1.0" encoding="UTF-8"?>
<testsuite name="org.zerock.club.security.PasswordTests" tests="1" skipped="0" failures="0" errors="0" timestamp="2021-02-03T03:13:38" hostname="DESKTOP-KCDHFKO" time="0.649">
  <properties/>
  <testcase name="testEncode()" classname="org.zerock.club.security.PasswordTests" time="0.649"/>
  <system-out><![CDATA[12:13:23.293 [Test worker] DEBUG org.springframework.test.context.BootstrapUtils - Instantiating CacheAwareContextLoaderDelegate from class [org.springframework.test.context.cache.DefaultCacheAwareContextLoaderDelegate]
12:13:23.338 [Test worker] DEBUG org.springframework.test.context.BootstrapUtils - Instantiating BootstrapContext using constructor [public org.springframework.test.context.support.DefaultBootstrapContext(java.lang.Class,org.springframework.test.context.CacheAwareContextLoaderDelegate)]
12:13:23.435 [Test worker] DEBUG org.springframework.test.context.BootstrapUtils - Instantiating TestContextBootstrapper for test class [org.zerock.club.security.PasswordTests] from class [org.springframework.boot.test.context.SpringBootTestContextBootstrapper]
12:13:23.474 [Test worker] INFO org.springframework.boot.test.context.SpringBootTestContextBootstrapper - Neither @ContextConfiguration nor @ContextHierarchy found for test class [org.zerock.club.security.PasswordTests], using SpringBootContextLoader
12:13:23.484 [Test worker] DEBUG org.springframework.test.context.support.AbstractContextLoader - Did not detect default resource location for test class [org.zerock.club.security.PasswordTests]: class path resource [org/zerock/club/security/PasswordTests-context.xml] does not exist
12:13:23.486 [Test worker] DEBUG org.springframework.test.context.support.AbstractContextLoader - Did not detect default resource location for test class [org.zerock.club.security.PasswordTests]: class path resource [org/zerock/club/security/PasswordTestsContext.groovy] does not exist
12:13:23.487 [Test worker] INFO org.springframework.test.context.support.AbstractContextLoader - Could not detect default resource locations for test class [org.zerock.club.security.PasswordTests]: no resource found for suffixes {-context.xml, Context.groovy}.
12:13:23.489 [Test worker] INFO org.springframework.test.context.support.AnnotationConfigContextLoaderUtils - Could not detect default configuration classes for test class [org.zerock.club.security.PasswordTests]: PasswordTests does not declare any static, non-private, non-final, nested classes annotated with @Configuration.
12:13:23.600 [Test worker] DEBUG org.springframework.test.context.support.ActiveProfilesUtils - Could not find an 'annotation declaring class' for annotation type [org.springframework.test.context.ActiveProfiles] and class [org.zerock.club.security.PasswordTests]
12:13:23.791 [Test worker] DEBUG org.springframework.context.annotation.ClassPathScanningCandidateComponentProvider - Identified candidate component class: file [C:\Users\nick1\club\build\classes\java\main\org\zerock\club\ClubApplication.class]
12:13:23.796 [Test worker] INFO org.springframework.boot.test.context.SpringBootTestContextBootstrapper - Found @SpringBootConfiguration org.zerock.club.ClubApplication for test class org.zerock.club.security.PasswordTests
12:13:24.094 [Test worker] DEBUG org.springframework.boot.test.context.SpringBootTestContextBootstrapper - @TestExecutionListeners is not present for class [org.zerock.club.security.PasswordTests]: using defaults.
12:13:24.095 [Test worker] INFO org.springframework.boot.test.context.SpringBootTestContextBootstrapper - Loaded default TestExecutionListener class names from location [META-INF/spring.factories]: [org.springframework.security.test.context.support.WithSecurityContextTestExecutionListener, org.springframework.security.test.context.support.ReactorContextTestExecutionListener, org.springframework.boot.test.autoconfigure.restdocs.RestDocsTestExecutionListener, org.springframework.boot.test.autoconfigure.web.client.MockRestServiceServerResetTestExecutionListener, org.springframework.boot.test.autoconfigure.web.servlet.MockMvcPrintOnlyOnFailureTestExecutionListener, org.springframework.boot.test.autoconfigure.web.servlet.WebDriverTestExecutionListener, org.springframework.boot.test.autoconfigure.webservices.client.MockWebServiceServerTestExecutionListener, org.springframework.boot.test.mock.mockito.MockitoTestExecutionListener, org.springframework.boot.test.mock.mockito.ResetMocksTestExecutionListener, org.springframework.test.context.web.ServletTestExecutionListener, org.springframework.test.context.support.DirtiesContextBeforeModesTestExecutionListener, org.springframework.test.context.event.ApplicationEventsTestExecutionListener, org.springframework.test.context.support.DependencyInjectionTestExecutionListener, org.springframework.test.context.support.DirtiesContextTestExecutionListener, org.springframework.test.context.transaction.TransactionalTestExecutionListener, org.springframework.test.context.jdbc.SqlScriptsTestExecutionListener, org.springframework.test.context.event.EventPublishingTestExecutionListener]
12:13:24.168 [Test worker] INFO org.springframework.boot.test.context.SpringBootTestContextBootstrapper - Using TestExecutionListeners: [org.springframework.test.context.web.ServletTestExecutionListener@773937ab, org.springframework.test.context.support.DirtiesContextBeforeModesTestExecutionListener@619a67f7, org.springframework.test.context.event.ApplicationEventsTestExecutionListener@280438b5, org.springframework.boot.test.mock.mockito.MockitoTestExecutionListener@459950c2, org.springframework.boot.test.autoconfigure.SpringBootDependencyInjectionTestExecutionListener@7b23b3b5, org.springframework.test.context.support.DirtiesContextTestExecutionListener@4934c6f9, org.springframework.test.context.transaction.TransactionalTestExecutionListener@40fc8efa, org.springframework.test.context.jdbc.SqlScriptsTestExecutionListener@4f6cc967, org.springframework.security.test.context.support.WithSecurityContextTestExecutionListener@29b46524, org.springframework.test.context.event.EventPublishingTestExecutionListener@46d86de5, org.springframework.security.test.context.support.ReactorContextTestExecutionListener@6277b09a, org.springframework.boot.test.autoconfigure.restdocs.RestDocsTestExecutionListener@4b796a42, org.springframework.boot.test.autoconfigure.web.client.MockRestServiceServerResetTestExecutionListener@416ebb4c, org.springframework.boot.test.autoconfigure.web.servlet.MockMvcPrintOnlyOnFailureTestExecutionListener@445c51c1, org.springframework.boot.test.autoconfigure.web.servlet.WebDriverTestExecutionListener@1b70cab0, org.springframework.boot.test.autoconfigure.webservices.client.MockWebServiceServerTestExecutionListener@1bdb88e6, org.springframework.boot.test.mock.mockito.ResetMocksTestExecutionListener@2fdbe40a]
12:13:24.181 [Test worker] DEBUG org.springframework.test.context.support.AbstractDirtiesContextTestExecutionListener - Before test class: context [DefaultTestContext@38342296 testClass = PasswordTests, testInstance = [null], testMethod = [null], testException = [null], mergedContextConfiguration = [WebMergedContextConfiguration@46b00930 testClass = PasswordTests, locations = '{}', classes = '{class org.zerock.club.ClubApplication}', contextInitializerClasses = '[]', activeProfiles = '{}', propertySourceLocations = '{}', propertySourceProperties = '{org.springframework.boot.test.context.SpringBootTestContextBootstrapper=true}', contextCustomizers = set[org.springframework.boot.test.autoconfigure.actuate.metrics.MetricsExportContextCustomizerFactory$DisableMetricExportContextCustomizer@292c1132, org.springframework.boot.test.autoconfigure.properties.PropertyMappingContextCustomizer@0, org.springframework.boot.test.autoconfigure.web.servlet.WebDriverContextCustomizerFactory$Customizer@32f57362, org.springframework.boot.test.context.filter.ExcludeFilterContextCustomizer@1fe96f2e, org.springframework.boot.test.json.DuplicateJsonObjectContextCustomizerFactory$DuplicateJsonObjectContextCustomizer@21efe8aa, org.springframework.boot.test.mock.mockito.MockitoContextCustomizer@0, org.springframework.boot.test.web.client.TestRestTemplateContextCustomizer@4003a57a, org.springframework.boot.test.context.SpringBootTestArgs@1, org.springframework.boot.test.context.SpringBootTestWebEnvironment@2aa0962c], resourceBasePath = 'src/main/webapp', contextLoader = 'org.springframework.boot.test.context.SpringBootContextLoader', parent = [null]], attributes = map['org.springframework.test.context.web.ServletTestExecutionListener.activateListener' -> true]], class annotated with @DirtiesContext [false] with mode [null].
12:13:24.290 [Test worker] DEBUG org.springframework.test.context.support.TestPropertySourceUtils - Adding inlined properties to environment: {spring.jmx.enabled=false, org.springframework.boot.test.context.SpringBootTestContextBootstrapper=true}

  .   ____          _            __ _ _
 /\\ / ___'_ __ _ _(_)_ __  __ _ \ \ \ \
( ( )\___ | '_ | '_| | '_ \/ _` | \ \ \ \
 \\/  ___)| |_)| | | | | || (_| |  ) ) ) )
  '  |____| .__|_| |_|_| |_\__, | / / / /
 =========|_|==============|___/=/_/_/_/
 :: Spring Boot ::                (v2.4.2)

2021-02-03 12:13:25.134  INFO 17536 --- [    Test worker] org.zerock.club.security.PasswordTests   : Starting PasswordTests using Java 15.0.1 on DESKTOP-KCDHFKO with PID 17536 (started by nick1 in C:\Users\nick1\club)
2021-02-03 12:13:25.139  INFO 17536 --- [    Test worker] org.zerock.club.security.PasswordTests   : No active profile set, falling back to default profiles: default
2021-02-03 12:13:26.849  INFO 17536 --- [    Test worker] .s.d.r.c.RepositoryConfigurationDelegate : Bootstrapping Spring Data JPA repositories in DEFAULT mode.
2021-02-03 12:13:27.018  INFO 17536 --- [    Test worker] .s.d.r.c.RepositoryConfigurationDelegate : Finished Spring Data repository scanning in 152 ms. Found 1 JPA repository interfaces.
2021-02-03 12:13:28.577  INFO 17536 --- [    Test worker] o.hibernate.jpa.internal.util.LogHelper  : HHH000204: Processing PersistenceUnitInfo [name: default]
2021-02-03 12:13:28.783  INFO 17536 --- [    Test worker] org.hibernate.Version                    : HHH000412: Hibernate ORM core version 5.4.27.Final
2021-02-03 12:13:29.277  INFO 17536 --- [    Test worker] o.hibernate.annotations.common.Version   : HCANN000001: Hibernate Commons Annotations {5.1.2.Final}
2021-02-03 12:13:29.601  INFO 17536 --- [    Test worker] com.zaxxer.hikari.HikariDataSource       : HikariPool-1 - Starting...
2021-02-03 12:13:30.346  INFO 17536 --- [    Test worker] com.zaxxer.hikari.HikariDataSource       : HikariPool-1 - Start completed.
2021-02-03 12:13:30.503  INFO 17536 --- [    Test worker] org.hibernate.dialect.Dialect            : HHH000400: Using dialect: org.hibernate.dialect.MySQL8Dialect
2021-02-03 12:13:32.816  INFO 17536 --- [    Test worker] o.h.e.t.j.p.i.JtaPlatformInitiator       : HHH000490: Using JtaPlatform implementation: [org.hibernate.engine.transaction.jta.platform.internal.NoJtaPlatform]
2021-02-03 12:13:32.839  INFO 17536 --- [    Test worker] j.LocalContainerEntityManagerFactoryBean : Initialized JPA EntityManagerFactory for persistence unit 'default'
2021-02-03 12:13:33.009  WARN 17536 --- [    Test worker] JpaBaseConfiguration$JpaWebConfiguration : spring.jpa.open-in-view is enabled by default. Therefore, database queries may be performed during view rendering. Explicitly configure spring.jpa.open-in-view to disable this warning
2021-02-03 12:13:35.583  INFO 17536 --- [    Test worker] o.s.s.concurrent.ThreadPoolTaskExecutor  : Initializing ExecutorService 'applicationTaskExecutor'
2021-02-03 12:13:37.642 DEBUG 17536 --- [    Test worker] edFilterInvocationSecurityMetadataSource : Adding web access control expression [permitAll] for Ant [pattern='/sample/all']
2021-02-03 12:13:37.645 DEBUG 17536 --- [    Test worker] edFilterInvocationSecurityMetadataSource : Adding web access control expression [hasRole('ROLE_USER')] for Ant [pattern='/sample/member']
2021-02-03 12:13:37.734  INFO 17536 --- [    Test worker] o.s.s.web.DefaultSecurityFilterChain     : Will secure any request with [org.springframework.security.web.context.request.async.WebAsyncManagerIntegrationFilter@282fba2e, org.springframework.security.web.context.SecurityContextPersistenceFilter@5a879c6b, org.springframework.security.web.header.HeaderWriterFilter@1b93b42a, org.springframework.security.web.authentication.logout.LogoutFilter@63c85501, org.springframework.security.web.authentication.UsernamePasswordAuthenticationFilter@1a6c5560, org.springframework.security.web.authentication.ui.DefaultLoginPageGeneratingFilter@247cbc30, org.springframework.security.web.authentication.ui.DefaultLogoutPageGeneratingFilter@5a902dbc, org.springframework.security.web.savedrequest.RequestCacheAwareFilter@1884a960, org.springframework.security.web.servletapi.SecurityContextHolderAwareRequestFilter@403da1db, org.springframework.security.web.authentication.AnonymousAuthenticationFilter@4756c6e, org.springframework.security.web.session.SessionManagementFilter@152a8d96, org.springframework.security.web.access.ExceptionTranslationFilter@b816755, org.springframework.security.web.access.intercept.FilterSecurityInterceptor@3f77694c]
2021-02-03 12:13:37.978  INFO 17536 --- [    Test worker] org.zerock.club.security.PasswordTests   : Started PasswordTests in 13.674 seconds (JVM running for 17.286)
enPw: $2a$10$YQkyptOI80Cs8faIPiicvuFxGFrkorWEap.7nGugRF7WxBhM1Hixm
matchResult: true
]]></system-out>
  <system-err><![CDATA[]]></system-err>
</testsuite>
